<?xml version="1.0" encoding="UTF-8"?>
<!-- Generated by org.testng.reporters.JUnitReportReporter -->
<testsuite hostname="TVDI-027" failures="0" tests="6" name="org.test.Authors" time="7.748" errors="0" timestamp="2023-05-30T16:32:44 IST" skipped="0">
  <testcase classname="org.test.Authors" name="getAuthors" time="2.484"/>
  <system-out/>
  <testcase classname="org.test.Authors" name="postAuthors" time="1.098"/>
  <system-out/>
  <testcase classname="org.test.Authors" name="getAuthorsByBookId" time="1.179"/>
  <system-out/>
  <testcase classname="org.test.Authors" name="getAuthorsById" time="0.995"/>
  <system-out/>
  <testcase classname="org.test.Authors" name="putAuthorsById" time="1.044"/>
  <system-out/>
  <testcase classname="org.test.Authors" name="deleteActivitiesById" time="0.948"/>
  <system-out/>
</testsuite> <!-- org.test.Authors -->
