<?xml version="1.0" encoding="UTF-8"?>
<!-- Generated by org.testng.reporters.JUnitReportReporter -->
<testsuite hostname="TVDI-027" failures="0" tests="5" name="org.test.Activities" time="15.666" errors="0" timestamp="2023-05-29T14:54:38 IST" skipped="0">
  <testcase classname="org.test.Activities" name="getActivities" time="10.177"/>
  <system-out/>
  <testcase classname="org.test.Activities" name="postActivities" time="1.521"/>
  <system-out/>
  <testcase classname="org.test.Activities" name="getActivitiesById" time="1.206"/>
  <system-out/>
  <testcase classname="org.test.Activities" name="putActivitiesById" time="1.015"/>
  <system-out/>
  <testcase classname="org.test.Activities" name="deleteActivitiesById" time="1.747"/>
  <system-out/>
</testsuite> <!-- org.test.Activities -->
