<?xml version="1.0" encoding="UTF-8"?>
<!-- Generated by org.testng.reporters.JUnitReportReporter -->
<testsuite hostname="TVDI-027" failures="0" tests="5" name="org.test.Users" time="5.207" errors="0" timestamp="2023-05-30T16:32:44 IST" skipped="0">
  <testcase classname="org.test.Users" name="getUsers" time="1.036"/>
  <system-out/>
  <testcase classname="org.test.Users" name="postUsers" time="1.134"/>
  <system-out/>
  <testcase classname="org.test.Users" name="getUsersById" time="1.032"/>
  <system-out/>
  <testcase classname="org.test.Users" name="putUsersById" time="1.094"/>
  <system-out/>
  <testcase classname="org.test.Users" name="deleteUsersById" time="0.911"/>
  <system-out/>
</testsuite> <!-- org.test.Users -->
