<?xml version="1.0" encoding="UTF-8"?>
<!-- Generated by org.testng.reporters.JUnitReportReporter -->
<testsuite hostname="TVDI-027" failures="0" tests="6" name="org.test.CoverPhotos" time="6.326" errors="0" timestamp="2023-05-30T16:32:44 IST" skipped="0">
  <testcase classname="org.test.CoverPhotos" name="getCoverPhotos" time="1.288"/>
  <system-out/>
  <testcase classname="org.test.CoverPhotos" name="postCoverPhotos" time="0.961"/>
  <system-out/>
  <testcase classname="org.test.CoverPhotos" name="getCoverPhotosByBookId" time="0.990"/>
  <system-out/>
  <testcase classname="org.test.CoverPhotos" name="getCoverPhotosById" time="1.014"/>
  <system-out/>
  <testcase classname="org.test.CoverPhotos" name="putCoverPhotosById" time="1.045"/>
  <system-out/>
  <testcase classname="org.test.CoverPhotos" name="deleteCoverPhotosById" time="1.028"/>
  <system-out/>
</testsuite> <!-- org.test.CoverPhotos -->
