<?xml version="1.0" encoding="UTF-8"?>
<!-- Generated by org.testng.reporters.JUnitReportReporter -->
<testsuite hostname="TVDI-027" failures="0" tests="5" name="org.test.Activities" time="17.738" errors="0" timestamp="2023-05-30T16:32:44 IST" skipped="0">
  <testcase classname="org.test.Activities" name="getActivities" time="12.348"/>
  <system-out/>
  <testcase classname="org.test.Activities" name="postActivities" time="1.214"/>
  <system-out/>
  <testcase classname="org.test.Activities" name="getActivitiesById" time="2.236"/>
  <system-out/>
  <testcase classname="org.test.Activities" name="putActivitiesById" time="1.000"/>
  <system-out/>
  <testcase classname="org.test.Activities" name="deleteActivitiesById" time="0.940"/>
  <system-out/>
</testsuite> <!-- org.test.Activities -->
