<?xml version="1.0" encoding="UTF-8"?>
<!-- Generated by org.testng.reporters.JUnitReportReporter -->
<testsuite hostname="TVDI-027" failures="0" tests="6" name="org.test.Authors" time="7.170" errors="0" timestamp="2023-05-29T14:54:38 IST" skipped="0">
  <testcase classname="org.test.Authors" name="getAuthors" time="2.204"/>
  <system-out/>
  <testcase classname="org.test.Authors" name="postAuthors" time="0.997"/>
  <system-out/>
  <testcase classname="org.test.Authors" name="getAuthorsByBookId" time="0.966"/>
  <system-out/>
  <testcase classname="org.test.Authors" name="getAuthorsById" time="0.981"/>
  <system-out/>
  <testcase classname="org.test.Authors" name="putAuthorsById" time="0.990"/>
  <system-out/>
  <testcase classname="org.test.Authors" name="deleteActivitiesById" time="1.032"/>
  <system-out/>
</testsuite> <!-- org.test.Authors -->
