<?xml version="1.0" encoding="UTF-8"?>
<!-- Generated by org.testng.reporters.JUnitReportReporter -->
<testsuite hostname="TVDI-027" failures="0" tests="5" name="org.test.Books" time="6.158" errors="0" timestamp="2023-05-30T16:32:44 IST" skipped="0">
  <testcase classname="org.test.Books" name="getBooks" time="2.112"/>
  <system-out/>
  <testcase classname="org.test.Books" name="postBooks" time="1.049"/>
  <system-out/>
  <testcase classname="org.test.Books" name="getBooksById" time="0.967"/>
  <system-out/>
  <testcase classname="org.test.Books" name="putActivitiesById" time="0.961"/>
  <system-out/>
  <testcase classname="org.test.Books" name="deleteBooksById" time="1.069"/>
  <system-out/>
</testsuite> <!-- org.test.Books -->
